<?xml version="1.0" encoding="UTF-8"?>
<!-- Generated by org.testng.reporters.JUnitXMLReporter -->
<testsuite ignored="1" hostname="DESKTOP-C28O1GT" failures="0" tests="1" name="Default test" time="10.11" errors="0" timestamp="15 Nov 2023 18:32:38 GMT">
  <testcase classname="com.Target_Paractice.Validation_Techniques" name="use_Wrong_Password" time="10.078"/>
  <testcase classname="com.Target_Paractice.Validation_Techniques" name="costcoLogin" time="0.0">
    <ignored/>
  </testcase> <!-- costcoLogin -->
</testsuite> <!-- Default test -->
