<?xml version="1.0" encoding="UTF-8"?>
<testng-results ignored="1" total="2" passed="1" failed="0" skipped="0">
  <reporter-output>
  </reporter-output>
  <suite started-at="2023-11-15T18:32:28Z" name="Default suite" finished-at="2023-11-15T18:32:38Z" duration-ms="10110">
    <groups>
    </groups>
    <test started-at="2023-11-15T18:32:28Z" name="Default test" finished-at="2023-11-15T18:32:38Z" duration-ms="10110">
      <class name="com.Target_Paractice.Validation_Techniques">
        <test-method signature="use_Wrong_Password()[pri:1, instance:com.Target_Paractice.Validation_Techniques@723ca036]" started-at="2023-11-15T10:32:28Z" name="use_Wrong_Password" finished-at="2023-11-15T10:32:38Z" duration-ms="10078" status="PASS">
          <reporter-output>
          </reporter-output>
        </test-method> <!-- use_Wrong_Password -->
        <test-method is-config="true" signature="tearDown()[pri:0, instance:com.Target_Paractice.Validation_Techniques@723ca036]" started-at="2023-11-15T10:32:38Z" name="tearDown" finished-at="2023-11-15T10:32:38Z" duration-ms="5" status="PASS">
          <reporter-output>
          </reporter-output>
        </test-method> <!-- tearDown -->
      </class> <!-- com.Target_Paractice.Validation_Techniques -->
    </test> <!-- Default test -->
  </suite> <!-- Default suite -->
</testng-results>
